0 info it worked if it ends with ok
1 verbose cli [ '/usr/bin/node', '/usr/bin/npm', 'install', 'extend' ]
2 info using npm@1.4.3
3 info using node@v0.10.26
4 verbose node symlink /usr/bin/node
5 verbose cache add [ 'extend', null ]
6 verbose cache add name=undefined spec="extend" args=["extend",null]
7 verbose parsed url { protocol: null,
7 verbose parsed url   slashes: null,
7 verbose parsed url   auth: null,
7 verbose parsed url   host: null,
7 verbose parsed url   port: null,
7 verbose parsed url   hostname: null,
7 verbose parsed url   hash: null,
7 verbose parsed url   search: null,
7 verbose parsed url   query: null,
7 verbose parsed url   pathname: 'extend',
7 verbose parsed url   path: 'extend',
7 verbose parsed url   href: 'extend' }
8 silly lockFile de93ba2d-extend extend
9 verbose lock extend /home/tmkryb/.npm/de93ba2d-extend.lock
10 silly lockFile de93ba2d-extend extend
11 silly lockFile de93ba2d-extend extend
12 verbose addNamed [ 'extend', '' ]
13 verbose addNamed [ null, '*' ]
14 silly lockFile 3d26da23-extend extend@
15 verbose lock extend@ /home/tmkryb/.npm/3d26da23-extend.lock
16 silly addNameRange { name: 'extend', range: '*', hasData: false }
17 verbose url raw extend
18 verbose url resolving [ 'https://registry.npmjs.org/', './extend' ]
19 verbose url resolved https://registry.npmjs.org/extend
20 info trying registry request attempt 1 at 20:03:47
21 http GET https://registry.npmjs.org/extend
22 info retry will retry, error on last attempt: Error: getaddrinfo ENOTFOUND
23 info trying registry request attempt 2 at 20:04:37
24 http GET https://registry.npmjs.org/extend
25 info retry will retry, error on last attempt: Error: getaddrinfo ENOTFOUND
26 info trying registry request attempt 3 at 20:06:17
27 http GET https://registry.npmjs.org/extend
28 silly lockFile 3d26da23-extend extend@
29 silly lockFile 3d26da23-extend extend@
30 error network getaddrinfo ENOTFOUND
30 error network This is most likely not a problem with npm itself
30 error network and is related to network connectivity.
30 error network In most cases you are behind a proxy or have bad network settings.
30 error network
30 error network If you are behind a proxy, please make sure that the
30 error network 'proxy' config is set properly.  See: 'npm help config'
31 error System Linux 3.11.0-19-generic
32 error command "/usr/bin/node" "/usr/bin/npm" "install" "extend"
33 error cwd /home/tmkryb/nodeAppOne
34 error node -v v0.10.26
35 error npm -v 1.4.3
36 error syscall getaddrinfo
37 error code ENOTFOUND
38 error errno ENOTFOUND
39 verbose exit [ 1, true ]
